 2025-07-28 22:16:18,543 INFO Database connection pool created successfully
2025-07-28 22:17:14,760 ERROR Erreur lors de l'extraction OCR: not enough values to unpack (expected 3, got 2)
2025-07-28 22:17:15,160 ERROR Erreur lors de l'extraction OCR: not enough values to unpack (expected 3, got 2)
2025-07-28 22:17:28,165 ERROR Erreur lors de l'extraction OCR: not enough values to unpack (expected 3, got 2)
2025-07-28 22:17:28,351 ERROR Erreur lors de l'extraction OCR: not enough values to unpack (expected 3, got 2)
2025-07-28 22:27:05,704 INFO Database connection pool created successfully
2025-07-28 22:27:39,161 ERROR Erreur lors de l'extraction OCR: not enough values to unpack (expected 3, got 2)
2025-07-28 22:27:39,538 ERROR Erreur lors de l'extraction OCR: not enough values to unpack (expected 3, got 2)
2025-07-28 22:27:53,307 ERROR Erreur lors de l'extraction OCR: not enough values to unpack (expected 3, got 2)
2025-07-28 22:27:53,512 ERROR Erreur lors de l'extraction OCR: not enough values to unpack (expected 3, got 2)
2025-07-28 22:29:39,997 INFO Database connection pool created successfully
2025-07-28 22:30:28,949 ERROR Erreur lors de l'extraction OCR: not enough values to unpack (expected 3, got 2)
2025-07-28 22:30:29,525 ERROR Erreur lors de l'extraction OCR: not enough values to unpack (expected 3, got 2)
2025-07-28 22:30:43,928 ERROR Erreur lors de l'extraction OCR: not enough values to unpack (expected 3, got 2)
2025-07-28 22:30:44,204 ERROR Erreur lors de l'extraction OCR: not enough values to unpack (expected 3, got 2)
2025-07-28 22:33:42,435 INFO Database connection pool created successfully
2025-07-28 22:37:07,110 INFO Database connection pool created successfully
2025-07-28 22:37:53,460 ERROR Erreur lors de l'extraction OCR: not enough values to unpack (expected 3, got 2)
2025-07-28 22:37:53,929 ERROR Erreur lors de l'extraction OCR: not enough values to unpack (expected 3, got 2)
2025-07-28 22:38:07,185 ERROR Erreur lors de l'extraction OCR: not enough values to unpack (expected 3, got 2)
2025-07-28 22:38:07,360 ERROR Erreur lors de l'extraction OCR: not enough values to unpack (expected 3, got 2)
2025-07-28 22:42:07,744 INFO Database connection pool created successfully
2025-07-28 22:43:51,049 ERROR Erreur lors de l'extraction OCR: not enough values to unpack (expected 3, got 2)
2025-07-28 22:43:51,411 ERROR Erreur lors de l'extraction OCR: not enough values to unpack (expected 3, got 2)
2025-07-28 22:44:04,734 ERROR Erreur lors de l'extraction OCR: not enough values to unpack (expected 3, got 2)
2025-07-28 22:44:04,979 ERROR Erreur lors de l'extraction OCR: not enough values to unpack (expected 3, got 2)
2025-07-28 22:48:40,009 ERROR Erreur lors de l'extraction OCR: not enough values to unpack (expected 3, got 2)
2025-07-28 22:48:40,390 ERROR Erreur lors de l'extraction OCR: not enough values to unpack (expected 3, got 2)
2025-07-28 22:49:01,858 ERROR Erreur lors de l'extraction OCR: not enough values to unpack (expected 3, got 2)
2025-07-28 22:49:02,237 ERROR Erreur lors de l'extraction OCR: not enough values to unpack (expected 3, got 2)
2025-07-28 22:54:27,136 INFO Database connection pool created successfully
2025-07-28 22:56:14,302 INFO Database connection pool created successfully
2025-07-28 22:56:52,542 ERROR Erreur lors de l'extraction OCR: not enough values to unpack (expected 3, got 2)
2025-07-28 22:56:52,863 ERROR Erreur lors de l'extraction OCR: not enough values to unpack (expected 3, got 2)
2025-07-28 22:57:10,363 ERROR Erreur lors de l'extraction OCR: not enough values to unpack (expected 3, got 2)
2025-07-28 22:57:10,806 ERROR Erreur lors de l'extraction OCR: not enough values to unpack (expected 3, got 2)
2025-07-28 23:02:58,915 ERROR Erreur lors de l'extraction OCR: not enough values to unpack (expected 3, got 2)
2025-07-28 23:02:59,162 ERROR Erreur lors de l'extraction OCR: not enough values to unpack (expected 3, got 2)
2025-07-28 23:03:15,166 ERROR Erreur lors de l'extraction OCR: not enough values to unpack (expected 3, got 2)
2025-07-28 23:03:15,864 ERROR Erreur lors de l'extraction OCR: not enough values to unpack (expected 3, got 2)
2025-07-28 23:52:38,616 INFO Database connection pool created successfully
2025-07-28 23:52:52,732 INFO Database connection pool created successfully
2025-07-28 23:54:18,369 ERROR Erreur lors de l'extraction OCR: not enough values to unpack (expected 3, got 2)
2025-07-28 23:54:18,627 ERROR Erreur lors de l'extraction OCR: not enough values to unpack (expected 3, got 2)
2025-07-28 23:54:36,214 ERROR Erreur lors de l'extraction OCR: not enough values to unpack (expected 3, got 2)
2025-07-28 23:54:36,440 ERROR Erreur lors de l'extraction OCR: not enough values to unpack (expected 3, got 2)
2025-07-28 23:57:00,344 ERROR Error saving invoice: 1054 (42S22): Unknown column 'numeroFacture' in 'field list'
2025-07-28 23:57:00,360 ERROR Error saving invoice: 1054 (42S22): Unknown column 'numeroFacture' in 'field list'
2025-07-28 23:58:09,155 ERROR Erreur lors de l'extraction OCR: not enough values to unpack (expected 3, got 2)
2025-07-28 23:58:10,255 ERROR Erreur lors de l'extraction OCR: not enough values to unpack (expected 3, got 2)
2025-07-28 23:58:41,657 ERROR Erreur lors de l'extraction OCR: not enough values to unpack (expected 3, got 2)
2025-07-28 23:58:42,331 ERROR Erreur lors de l'extraction OCR: not enough values to unpack (expected 3, got 2)
2025-07-28 23:58:42,806 ERROR Error saving invoice: 1054 (42S22): Unknown column 'numeroFacture' in 'field list'
2025-07-28 23:58:42,866 ERROR Error saving invoice: 1054 (42S22): Unknown column 'numeroFacture' in 'field list'
2025-07-28 23:59:16,982 ERROR Error saving invoice: 1054 (42S22): Unknown column 'numeroFacture' in 'field list'
2025-07-28 23:59:16,996 ERROR Error saving invoice: 1054 (42S22): Unknown column 'numeroFacture' in 'field list'
2025-07-28 23:59:23,526 ERROR Error saving invoice: 1054 (42S22): Unknown column 'numeroFacture' in 'field list'
2025-07-29 00:00:08,259 ERROR Error saving invoice: 1054 (42S22): Unknown column 'numeroFacture' in 'field list'
2025-07-29 00:00:50,549 INFO Database connection pool created successfully
2025-07-29 00:01:24,420 INFO Database connection pool created successfully
2025-07-29 00:02:31,659 ERROR Erreur lors de l'extraction OCR: not enough values to unpack (expected 3, got 2)
2025-07-29 00:02:32,039 ERROR Erreur lors de l'extraction OCR: not enough values to unpack (expected 3, got 2)
2025-07-29 00:02:45,612 ERROR Erreur lors de l'extraction OCR: not enough values to unpack (expected 3, got 2)
2025-07-29 00:02:45,826 ERROR Erreur lors de l'extraction OCR: not enough values to unpack (expected 3, got 2)
2025-07-29 08:18:19,061 INFO Database connection pool created successfully
2025-07-29 09:10:07,714 ERROR Erreur lors de l'extraction OCR: not enough values to unpack (expected 3, got 2)
2025-07-29 09:10:16,531 ERROR Erreur lors de l'extraction OCR: not enough values to unpack (expected 3, got 2)
2025-07-29 20:26:15,963 INFO Database connection pool created successfully
2025-07-29 20:35:19,788 ERROR Erreur lors de l'extraction OCR: not enough values to unpack (expected 3, got 2)
2025-07-29 20:35:27,246 ERROR Erreur lors de l'extraction OCR: not enough values to unpack (expected 3, got 2)
2025-07-29 20:41:07,164 INFO Database connection pool created successfully
2025-07-29 20:58:58,642 INFO Database connection pool created successfully
2025-07-29 21:17:14,761 INFO Database connection pool created successfully
2025-07-29 21:18:33,300 INFO Database connection pool created successfully
2025-07-29 23:43:00,585 INFO Database connection pool created successfully
2025-07-30 11:22:27,279 INFO Database connection pool created successfully
2025-07-30 11:27:38,384 INFO Database connection pool created successfully
2025-07-30 11:52:34,169 ERROR Erreur lors de l'extraction OCR: not enough values to unpack (expected 3, got 2)
2025-07-30 11:52:35,145 ERROR Erreur lors de l'extraction OCR: not enough values to unpack (expected 3, got 2)
2025-07-30 11:52:35,647 ERROR Erreur lors de l'écriture dans le fichier DBF: could not convert string to float: '18,0'
2025-07-30 11:52:35,647 ERROR Erreur fatale lors de la création du fichier DBF: [WinError 32] The process cannot access the file because it is being used by another process: 'factures.dbf'
2025-07-30 11:52:35,647 WARNING Impossible de créer le fichier DBF: [WinError 32] The process cannot access the file because it is being used by another process: 'factures.dbf'
2025-07-30 11:52:50,298 ERROR Erreur lors de l'extraction OCR: not enough values to unpack (expected 3, got 2)
2025-07-30 11:52:50,517 ERROR Erreur lors de l'extraction OCR: not enough values to unpack (expected 3, got 2)
2025-07-30 11:52:50,726 ERROR Erreur lors de l'écriture dans le fichier DBF: could not convert string to float: '18,0'
2025-07-30 11:52:50,730 ERROR Erreur fatale lors de la création du fichier DBF: [WinError 32] The process cannot access the file because it is being used by another process: 'factures.dbf'
2025-07-30 11:52:50,730 WARNING Impossible de créer le fichier DBF: [WinError 32] The process cannot access the file because it is being used by another process: 'factures.dbf'
2025-07-30 12:01:21,992 ERROR Erreur lors de l'extraction OCR: not enough values to unpack (expected 3, got 2)
2025-07-30 12:01:22,198 ERROR Erreur lors de l'extraction OCR: not enough values to unpack (expected 3, got 2)
2025-07-30 12:01:22,377 ERROR Erreur lors de l'écriture dans le fichier DBF: could not convert string to float: '18,0'
2025-07-30 12:01:22,377 ERROR Erreur fatale lors de la création du fichier DBF: [WinError 32] The process cannot access the file because it is being used by another process: 'factures.dbf'
2025-07-30 12:01:22,377 WARNING Impossible de créer le fichier DBF: [WinError 32] The process cannot access the file because it is being used by another process: 'factures.dbf'
2025-07-30 12:01:37,585 ERROR Erreur lors de l'extraction OCR: not enough values to unpack (expected 3, got 2)
2025-07-30 12:01:38,552 ERROR Erreur lors de l'extraction OCR: not enough values to unpack (expected 3, got 2)
2025-07-30 12:01:39,083 ERROR Erreur lors de l'écriture dans le fichier DBF: could not convert string to float: '18,0'
2025-07-30 12:01:39,083 ERROR Erreur fatale lors de la création du fichier DBF: [WinError 32] The process cannot access the file because it is being used by another process: 'factures.dbf'
2025-07-30 12:01:39,083 WARNING Impossible de créer le fichier DBF: [WinError 32] The process cannot access the file because it is being used by another process: 'factures.dbf'
2025-07-30 12:50:09,421 INFO Database connection pool created successfully
2025-07-30 12:53:04,059 ERROR Erreur lors de l'écriture dans le fichier DBF: could not convert string to float: '18,0'
2025-07-30 12:53:04,060 ERROR Erreur fatale lors de la création du fichier DBF: [WinError 32] The process cannot access the file because it is being used by another process: 'factures.dbf'
2025-07-30 12:53:04,060 WARNING Impossible de créer le fichier DBF: [WinError 32] The process cannot access the file because it is being used by another process: 'factures.dbf'
2025-07-30 12:54:47,380 ERROR Erreur lors de l'écriture dans le fichier DBF: could not convert string to float: '18,0'
2025-07-30 12:54:47,380 ERROR Erreur fatale lors de la création du fichier DBF: [WinError 32] The process cannot access the file because it is being used by another process: 'factures.dbf'
2025-07-30 12:54:47,380 WARNING Impossible de créer le fichier DBF: [WinError 32] The process cannot access the file because it is being used by another process: 'factures.dbf'
2025-07-30 12:59:53,858 INFO Database connection pool created successfully
2025-07-30 13:00:25,015 ERROR Erreur lors de l'écriture dans le fichier DBF: could not convert string to float: '18,0'
2025-07-30 13:00:25,015 ERROR Erreur fatale lors de la création du fichier DBF: [WinError 32] The process cannot access the file because it is being used by another process: 'factures.dbf'
2025-07-30 13:00:25,015 WARNING Impossible de créer le fichier DBF: [WinError 32] The process cannot access the file because it is being used by another process: 'factures.dbf'
2025-07-30 13:03:44,979 ERROR Erreur lors de l'écriture dans le fichier DBF: could not convert string to float: '18,0'
2025-07-30 13:03:44,979 ERROR Erreur fatale lors de la création du fichier DBF: [WinError 32] The process cannot access the file because it is being used by another process: 'factures.dbf'
2025-07-30 13:03:44,979 WARNING Impossible de créer le fichier DBF: [WinError 32] The process cannot access the file because it is being used by another process: 'factures.dbf'
2025-07-30 13:11:21,857 ERROR Erreur lors de l'écriture dans le fichier DBF: could not convert string to float: '18,0'
2025-07-30 13:11:21,857 ERROR Erreur fatale lors de la création du fichier DBF: [WinError 32] The process cannot access the file because it is being used by another process: 'factures.dbf'
2025-07-30 13:11:21,857 WARNING Impossible de créer le fichier DBF: [WinError 32] The process cannot access the file because it is being used by another process: 'factures.dbf'
2025-07-30 13:12:55,752 ERROR Erreur lors de l'extraction OCR: not enough values to unpack (expected 3, got 2)
2025-07-30 13:12:56,428 ERROR Erreur lors de l'extraction OCR: not enough values to unpack (expected 3, got 2)
2025-07-30 13:12:56,950 ERROR Erreur lors de l'écriture dans le fichier DBF: could not convert string to float: '18,0'
2025-07-30 13:12:56,950 ERROR Erreur fatale lors de la création du fichier DBF: [WinError 32] The process cannot access the file because it is being used by another process: 'factures.dbf'
2025-07-30 13:12:56,950 WARNING Impossible de créer le fichier DBF: [WinError 32] The process cannot access the file because it is being used by another process: 'factures.dbf'
2025-07-30 13:13:10,710 ERROR Erreur lors de l'extraction OCR: not enough values to unpack (expected 3, got 2)
2025-07-30 13:13:10,904 ERROR Erreur lors de l'extraction OCR: not enough values to unpack (expected 3, got 2)
2025-07-30 13:13:11,098 ERROR Erreur lors de l'écriture dans le fichier DBF: could not convert string to float: '18,0'
2025-07-30 13:13:11,098 ERROR Erreur fatale lors de la création du fichier DBF: [WinError 32] The process cannot access the file because it is being used by another process: 'factures.dbf'
2025-07-30 13:13:11,098 WARNING Impossible de créer le fichier DBF: [WinError 32] The process cannot access the file because it is being used by another process: 'factures.dbf'
2025-07-30 13:13:11,144 ERROR Erreur lors de l'écriture dans le fichier DBF: could not convert string to float: '18,0'
2025-07-30 13:13:11,144 ERROR Erreur fatale lors de la création du fichier DBF: [WinError 32] The process cannot access the file because it is being used by another process: 'factures.dbf'
2025-07-30 13:13:11,145 WARNING Impossible de créer le fichier DBF: [WinError 32] The process cannot access the file because it is being used by another process: 'factures.dbf'
2025-07-30 13:14:14,885 ERROR Erreur lors de l'écriture dans le fichier DBF: could not convert string to float: '18,0'
2025-07-30 13:14:14,886 ERROR Erreur fatale lors de la création du fichier DBF: [WinError 32] The process cannot access the file because it is being used by another process: 'factures.dbf'
2025-07-30 13:14:14,886 WARNING Impossible de créer le fichier DBF: [WinError 32] The process cannot access the file because it is being used by another process: 'factures.dbf'
2025-07-30 13:18:25,422 ERROR Erreur lors de l'écriture dans le fichier DBF: could not convert string to float: '18,0'
2025-07-30 13:18:25,422 ERROR Erreur fatale lors de la création du fichier DBF: [WinError 32] The process cannot access the file because it is being used by another process: 'factures.dbf'
2025-07-30 13:18:25,422 WARNING Impossible de créer le fichier DBF: [WinError 32] The process cannot access the file because it is being used by another process: 'factures.dbf'
2025-07-30 13:19:25,165 ERROR Erreur lors de l'écriture dans le fichier DBF: could not convert string to float: '18,0'
2025-07-30 13:19:25,166 ERROR Erreur fatale lors de la création du fichier DBF: [WinError 32] The process cannot access the file because it is being used by another process: 'factures.dbf'
2025-07-30 13:19:25,166 WARNING Impossible de créer le fichier DBF: [WinError 32] The process cannot access the file because it is being used by another process: 'factures.dbf'
2025-07-30 13:28:04,022 ERROR Erreur lors de l'écriture dans le fichier DBF: could not convert string to float: '18,0'
2025-07-30 13:28:04,022 ERROR Erreur fatale lors de la création du fichier DBF: [WinError 32] The process cannot access the file because it is being used by another process: 'factures.dbf'
2025-07-30 13:28:04,024 WARNING Impossible de créer le fichier DBF: [WinError 32] The process cannot access the file because it is being used by another process: 'factures.dbf'
2025-07-30 13:38:39,942 ERROR Erreur lors de l'extraction OCR: not enough values to unpack (expected 3, got 2)
2025-07-30 13:38:40,737 ERROR Erreur lors de l'extraction OCR: not enough values to unpack (expected 3, got 2)
2025-07-30 13:38:41,468 ERROR Erreur lors de l'écriture dans le fichier DBF: could not convert string to float: '10,0'
2025-07-30 13:38:41,470 ERROR Erreur fatale lors de la création du fichier DBF: [WinError 32] The process cannot access the file because it is being used by another process: 'factures.dbf'
2025-07-30 13:38:41,470 WARNING Impossible de créer le fichier DBF: [WinError 32] The process cannot access the file because it is being used by another process: 'factures.dbf'
2025-07-30 13:38:58,518 ERROR Erreur lors de l'extraction OCR: not enough values to unpack (expected 3, got 2)
2025-07-30 13:38:58,736 ERROR Erreur lors de l'extraction OCR: not enough values to unpack (expected 3, got 2)
2025-07-30 13:38:58,930 ERROR Erreur lors de l'écriture dans le fichier DBF: could not convert string to float: '10,0'
2025-07-30 13:38:58,930 ERROR Erreur fatale lors de la création du fichier DBF: [WinError 32] The process cannot access the file because it is being used by another process: 'factures.dbf'
2025-07-30 13:38:58,930 WARNING Impossible de créer le fichier DBF: [WinError 32] The process cannot access the file because it is being used by another process: 'factures.dbf'
2025-07-30 13:42:48,162 ERROR Erreur lors de l'extraction OCR: not enough values to unpack (expected 3, got 2)
2025-07-30 13:42:48,511 ERROR Erreur lors de l'extraction OCR: not enough values to unpack (expected 3, got 2)
2025-07-30 13:42:49,159 ERROR Erreur lors de l'écriture dans le fichier DBF: could not convert string to float: '18,0'
2025-07-30 13:42:49,159 ERROR Erreur fatale lors de la création du fichier DBF: [WinError 32] The process cannot access the file because it is being used by another process: 'factures.dbf'
2025-07-30 13:42:49,159 WARNING Impossible de créer le fichier DBF: [WinError 32] The process cannot access the file because it is being used by another process: 'factures.dbf'
2025-07-30 13:43:07,777 ERROR Erreur lors de l'extraction OCR: not enough values to unpack (expected 3, got 2)
2025-07-30 13:43:07,995 ERROR Erreur lors de l'extraction OCR: not enough values to unpack (expected 3, got 2)
2025-07-30 13:43:08,201 ERROR Erreur lors de l'écriture dans le fichier DBF: could not convert string to float: '10,0'
2025-07-30 13:43:08,201 ERROR Erreur fatale lors de la création du fichier DBF: [WinError 32] The process cannot access the file because it is being used by another process: 'factures.dbf'
2025-07-30 13:43:08,201 WARNING Impossible de créer le fichier DBF: [WinError 32] The process cannot access the file because it is being used by another process: 'factures.dbf'
2025-07-30 13:43:25,292 ERROR Erreur lors de l'extraction OCR: not enough values to unpack (expected 3, got 2)
2025-07-30 13:43:25,479 ERROR Erreur lors de l'extraction OCR: not enough values to unpack (expected 3, got 2)
2025-07-30 13:43:25,657 ERROR Erreur lors de l'écriture dans le fichier DBF: could not convert string to float: '18,0'
2025-07-30 13:43:25,657 ERROR Erreur fatale lors de la création du fichier DBF: [WinError 32] The process cannot access the file because it is being used by another process: 'factures.dbf'
2025-07-30 13:43:25,657 WARNING Impossible de créer le fichier DBF: [WinError 32] The process cannot access the file because it is being used by another process: 'factures.dbf'
2025-07-30 13:43:41,162 ERROR Erreur lors de l'extraction OCR: not enough values to unpack (expected 3, got 2)
2025-07-30 13:43:41,448 ERROR Erreur lors de l'extraction OCR: not enough values to unpack (expected 3, got 2)
2025-07-30 13:43:41,656 ERROR Erreur lors de l'écriture dans le fichier DBF: could not convert string to float: '10,0'
2025-07-30 13:43:41,656 ERROR Erreur fatale lors de la création du fichier DBF: [WinError 32] The process cannot access the file because it is being used by another process: 'factures.dbf'
2025-07-30 13:43:41,656 WARNING Impossible de créer le fichier DBF: [WinError 32] The process cannot access the file because it is being used by another process: 'factures.dbf'
2025-07-30 14:10:27,792 ERROR Erreur lors de l'extraction OCR: not enough values to unpack (expected 3, got 2)
2025-07-30 14:10:28,278 ERROR Erreur lors de l'extraction OCR: not enough values to unpack (expected 3, got 2)
2025-07-30 14:10:28,688 ERROR Erreur lors de l'écriture dans le fichier DBF: could not convert string to float: '18,0'
2025-07-30 14:10:28,688 ERROR Erreur fatale lors de la création du fichier DBF: [WinError 32] The process cannot access the file because it is being used by another process: 'factures.dbf'
2025-07-30 14:10:28,688 WARNING Impossible de créer le fichier DBF: [WinError 32] The process cannot access the file because it is being used by another process: 'factures.dbf'
2025-07-30 14:10:46,220 ERROR Erreur lors de l'extraction OCR: not enough values to unpack (expected 3, got 2)
2025-07-30 14:10:46,833 ERROR Erreur lors de l'extraction OCR: not enough values to unpack (expected 3, got 2)
2025-07-30 14:10:47,136 ERROR Erreur lors de l'écriture dans le fichier DBF: could not convert string to float: '18,0'
2025-07-30 14:10:47,136 ERROR Erreur fatale lors de la création du fichier DBF: [WinError 32] The process cannot access the file because it is being used by another process: 'factures.dbf'
2025-07-30 14:10:47,136 WARNING Impossible de créer le fichier DBF: [WinError 32] The process cannot access the file because it is being used by another process: 'factures.dbf'
2025-07-30 14:11:00,727 ERROR Erreur lors de l'extraction OCR: not enough values to unpack (expected 3, got 2)
2025-07-30 14:11:01,222 ERROR Erreur lors de l'extraction OCR: not enough values to unpack (expected 3, got 2)
2025-07-30 14:11:01,655 ERROR Erreur lors de l'écriture dans le fichier DBF: could not convert string to float: '18,0'
2025-07-30 14:11:01,655 ERROR Erreur fatale lors de la création du fichier DBF: [WinError 32] The process cannot access the file because it is being used by another process: 'factures.dbf'
2025-07-30 14:11:01,655 WARNING Impossible de créer le fichier DBF: [WinError 32] The process cannot access the file because it is being used by another process: 'factures.dbf'
2025-07-30 14:11:26,364 ERROR Erreur lors de l'extraction OCR: not enough values to unpack (expected 3, got 2)
2025-07-30 14:11:26,783 ERROR Erreur lors de l'extraction OCR: not enough values to unpack (expected 3, got 2)
2025-07-30 14:11:27,164 ERROR Erreur lors de l'écriture dans le fichier DBF: could not convert string to float: '10,0'
2025-07-30 14:11:27,165 ERROR Erreur fatale lors de la création du fichier DBF: [WinError 32] The process cannot access the file because it is being used by another process: 'factures.dbf'
2025-07-30 14:11:27,165 WARNING Impossible de créer le fichier DBF: [WinError 32] The process cannot access the file because it is being used by another process: 'factures.dbf'
2025-07-30 14:11:39,692 ERROR Erreur lors de l'extraction OCR: not enough values to unpack (expected 3, got 2)
2025-07-30 14:11:39,894 ERROR Erreur lors de l'extraction OCR: not enough values to unpack (expected 3, got 2)
2025-07-30 14:11:40,209 ERROR Erreur lors de l'écriture dans le fichier DBF: could not convert string to float: '10,0'
2025-07-30 14:11:40,211 ERROR Erreur fatale lors de la création du fichier DBF: [WinError 32] The process cannot access the file because it is being used by another process: 'factures.dbf'
2025-07-30 14:11:40,211 WARNING Impossible de créer le fichier DBF: [WinError 32] The process cannot access the file because it is being used by another process: 'factures.dbf'
2025-07-30 14:11:47,510 ERROR Erreur lors de l'extraction OCR: not enough values to unpack (expected 3, got 2)
2025-07-30 14:11:47,812 ERROR Erreur lors de l'extraction OCR: not enough values to unpack (expected 3, got 2)
2025-07-30 14:11:48,014 ERROR Erreur lors de l'écriture dans le fichier DBF: could not convert string to float: '402,00'
2025-07-30 14:11:48,014 ERROR Erreur fatale lors de la création du fichier DBF: [WinError 32] The process cannot access the file because it is being used by another process: 'factures.dbf'
2025-07-30 14:11:48,014 WARNING Impossible de créer le fichier DBF: [WinError 32] The process cannot access the file because it is being used by another process: 'factures.dbf'
2025-07-30 14:11:54,745 ERROR Erreur lors de l'extraction OCR: not enough values to unpack (expected 3, got 2)
2025-07-30 14:11:54,942 ERROR Erreur lors de l'extraction OCR: not enough values to unpack (expected 3, got 2)
2025-07-30 14:11:55,103 ERROR Erreur lors de l'écriture dans le fichier DBF: could not convert string to float: '402,00'
2025-07-30 14:11:55,103 ERROR Erreur fatale lors de la création du fichier DBF: [WinError 32] The process cannot access the file because it is being used by another process: 'factures.dbf'
2025-07-30 14:11:55,103 WARNING Impossible de créer le fichier DBF: [WinError 32] The process cannot access the file because it is being used by another process: 'factures.dbf'
2025-07-30 14:13:27,497 ERROR Erreur lors de l'extraction OCR: not enough values to unpack (expected 3, got 2)
2025-07-30 14:13:27,980 ERROR Erreur lors de l'extraction OCR: not enough values to unpack (expected 3, got 2)
2025-07-30 14:13:28,726 ERROR Erreur lors de l'écriture dans le fichier DBF: could not convert string to float: '18,0'
2025-07-30 14:13:28,728 ERROR Erreur fatale lors de la création du fichier DBF: [WinError 32] The process cannot access the file because it is being used by another process: 'factures.dbf'
2025-07-30 14:13:28,728 WARNING Impossible de créer le fichier DBF: [WinError 32] The process cannot access the file because it is being used by another process: 'factures.dbf'
2025-07-30 14:14:22,845 ERROR Erreur lors de l'extraction OCR: not enough values to unpack (expected 3, got 2)
2025-07-30 14:14:23,138 ERROR Erreur lors de l'extraction OCR: not enough values to unpack (expected 3, got 2)
2025-07-30 14:14:23,388 ERROR Erreur lors de l'écriture dans le fichier DBF: could not convert string to float: 'Qté'
2025-07-30 14:14:23,388 ERROR Erreur fatale lors de la création du fichier DBF: [WinError 32] The process cannot access the file because it is being used by another process: 'factures.dbf'
2025-07-30 14:14:23,388 WARNING Impossible de créer le fichier DBF: [WinError 32] The process cannot access the file because it is being used by another process: 'factures.dbf'
2025-07-30 14:14:27,252 ERROR Erreur lors de l'extraction OCR: not enough values to unpack (expected 3, got 2)
2025-07-30 14:14:27,453 ERROR Erreur lors de l'extraction OCR: not enough values to unpack (expected 3, got 2)
2025-07-30 14:14:27,645 ERROR Erreur lors de l'écriture dans le fichier DBF: could not convert string to float: 'Qté'
2025-07-30 14:14:27,646 ERROR Erreur fatale lors de la création du fichier DBF: [WinError 32] The process cannot access the file because it is being used by another process: 'factures.dbf'
2025-07-30 14:14:27,646 WARNING Impossible de créer le fichier DBF: [WinError 32] The process cannot access the file because it is being used by another process: 'factures.dbf'
2025-07-30 14:15:24,541 ERROR Erreur lors de l'extraction OCR: not enough values to unpack (expected 3, got 2)
2025-07-30 14:15:24,967 ERROR Erreur lors de l'extraction OCR: not enough values to unpack (expected 3, got 2)
2025-07-30 14:15:25,321 ERROR Erreur lors de l'écriture dans le fichier DBF: could not convert string to float: '18,0'
2025-07-30 14:15:25,322 ERROR Erreur fatale lors de la création du fichier DBF: [WinError 32] The process cannot access the file because it is being used by another process: 'factures.dbf'
2025-07-30 14:15:25,322 WARNING Impossible de créer le fichier DBF: [WinError 32] The process cannot access the file because it is being used by another process: 'factures.dbf'
2025-07-30 14:15:43,166 ERROR Erreur lors de l'extraction OCR: not enough values to unpack (expected 3, got 2)
2025-07-30 14:15:43,662 ERROR Erreur lors de l'extraction OCR: not enough values to unpack (expected 3, got 2)
2025-07-30 14:15:45,717 ERROR Erreur lors de l'écriture dans le fichier DBF: could not convert string to float: '18,0'
2025-07-30 14:15:45,718 ERROR Erreur fatale lors de la création du fichier DBF: [WinError 32] The process cannot access the file because it is being used by another process: 'factures.dbf'
2025-07-30 14:15:45,718 WARNING Impossible de créer le fichier DBF: [WinError 32] The process cannot access the file because it is being used by another process: 'factures.dbf'
2025-07-30 14:15:57,883 ERROR Erreur lors de l'extraction OCR: not enough values to unpack (expected 3, got 2)
2025-07-30 14:15:58,272 ERROR Erreur lors de l'extraction OCR: not enough values to unpack (expected 3, got 2)
2025-07-30 14:15:58,572 ERROR Erreur lors de l'écriture dans le fichier DBF: could not convert string to float: '20%'
2025-07-30 14:15:58,572 ERROR Erreur fatale lors de la création du fichier DBF: [WinError 32] The process cannot access the file because it is being used by another process: 'factures.dbf'
2025-07-30 14:15:58,572 WARNING Impossible de créer le fichier DBF: [WinError 32] The process cannot access the file because it is being used by another process: 'factures.dbf'
2025-07-30 14:16:08,873 ERROR Erreur lors de l'extraction OCR: not enough values to unpack (expected 3, got 2)
2025-07-30 14:16:09,421 ERROR Erreur lors de l'extraction OCR: not enough values to unpack (expected 3, got 2)
2025-07-30 14:16:10,006 ERROR Erreur lors de l'écriture dans le fichier DBF: could not convert string to float: '20%'
2025-07-30 14:16:10,007 ERROR Erreur fatale lors de la création du fichier DBF: [WinError 32] The process cannot access the file because it is being used by another process: 'factures.dbf'
2025-07-30 14:16:10,007 WARNING Impossible de créer le fichier DBF: [WinError 32] The process cannot access the file because it is being used by another process: 'factures.dbf'
2025-07-30 14:16:22,967 ERROR Erreur lors de l'extraction OCR: not enough values to unpack (expected 3, got 2)
2025-07-30 14:16:23,379 ERROR Erreur lors de l'extraction OCR: not enough values to unpack (expected 3, got 2)
2025-07-30 14:16:23,809 ERROR Erreur lors de l'écriture dans le fichier DBF: could not convert string to float: '20%'
2025-07-30 14:16:23,813 ERROR Erreur fatale lors de la création du fichier DBF: [WinError 32] The process cannot access the file because it is being used by another process: 'factures.dbf'
2025-07-30 14:16:23,813 WARNING Impossible de créer le fichier DBF: [WinError 32] The process cannot access the file because it is being used by another process: 'factures.dbf'
2025-07-30 14:16:37,067 ERROR Erreur lors de l'extraction OCR: not enough values to unpack (expected 3, got 2)
2025-07-30 14:16:37,514 ERROR Erreur lors de l'extraction OCR: not enough values to unpack (expected 3, got 2)
2025-07-30 14:16:37,908 ERROR Erreur lors de l'écriture dans le fichier DBF: could not convert string to float: '20%'
2025-07-30 14:16:37,908 ERROR Erreur fatale lors de la création du fichier DBF: [WinError 32] The process cannot access the file because it is being used by another process: 'factures.dbf'
2025-07-30 14:16:37,909 WARNING Impossible de créer le fichier DBF: [WinError 32] The process cannot access the file because it is being used by another process: 'factures.dbf'
2025-07-30 14:16:54,714 ERROR Erreur lors de l'extraction OCR: not enough values to unpack (expected 3, got 2)
2025-07-30 14:16:54,952 ERROR Erreur lors de l'extraction OCR: not enough values to unpack (expected 3, got 2)
2025-07-30 14:16:55,143 ERROR Erreur lors de l'écriture dans le fichier DBF: could not convert string to float: '10,0'
2025-07-30 14:16:55,143 ERROR Erreur fatale lors de la création du fichier DBF: [WinError 32] The process cannot access the file because it is being used by another process: 'factures.dbf'
2025-07-30 14:16:55,143 WARNING Impossible de créer le fichier DBF: [WinError 32] The process cannot access the file because it is being used by another process: 'factures.dbf'
2025-07-30 14:17:16,734 ERROR Erreur lors de l'extraction OCR: not enough values to unpack (expected 3, got 2)
2025-07-30 14:17:17,723 ERROR Erreur lors de l'extraction OCR: not enough values to unpack (expected 3, got 2)
2025-07-30 14:17:18,667 ERROR Erreur lors de l'écriture dans le fichier DBF: could not convert string to float: '10,0'
2025-07-30 14:17:18,668 ERROR Erreur fatale lors de la création du fichier DBF: [WinError 32] The process cannot access the file because it is being used by another process: 'factures.dbf'
2025-07-30 14:17:18,668 WARNING Impossible de créer le fichier DBF: [WinError 32] The process cannot access the file because it is being used by another process: 'factures.dbf'
2025-07-30 14:17:27,120 ERROR Erreur lors de l'extraction OCR: not enough values to unpack (expected 3, got 2)
2025-07-30 14:17:27,328 ERROR Erreur lors de l'extraction OCR: not enough values to unpack (expected 3, got 2)
2025-07-30 14:17:27,498 ERROR Erreur lors de l'écriture dans le fichier DBF: could not convert string to float: '20%'
2025-07-30 14:17:27,498 ERROR Erreur fatale lors de la création du fichier DBF: [WinError 32] The process cannot access the file because it is being used by another process: 'factures.dbf'
2025-07-30 14:17:27,498 WARNING Impossible de créer le fichier DBF: [WinError 32] The process cannot access the file because it is being used by another process: 'factures.dbf'
2025-07-30 14:17:44,865 ERROR Erreur lors de l'extraction OCR: not enough values to unpack (expected 3, got 2)
2025-07-30 14:17:45,863 ERROR Erreur lors de l'extraction OCR: not enough values to unpack (expected 3, got 2)
2025-07-30 14:17:46,681 ERROR Erreur lors de l'écriture dans le fichier DBF: could not convert string to float: '10,0'
2025-07-30 14:17:46,681 ERROR Erreur fatale lors de la création du fichier DBF: [WinError 32] The process cannot access the file because it is being used by another process: 'factures.dbf'
2025-07-30 14:17:46,685 WARNING Impossible de créer le fichier DBF: [WinError 32] The process cannot access the file because it is being used by another process: 'factures.dbf'
2025-07-30 14:17:54,926 ERROR Erreur lors de l'extraction OCR: not enough values to unpack (expected 3, got 2)
2025-07-30 14:17:55,130 ERROR Erreur lors de l'extraction OCR: not enough values to unpack (expected 3, got 2)
2025-07-30 14:17:55,312 ERROR Erreur lors de l'écriture dans le fichier DBF: could not convert string to float: '20%'
2025-07-30 14:17:55,312 ERROR Erreur fatale lors de la création du fichier DBF: [WinError 32] The process cannot access the file because it is being used by another process: 'factures.dbf'
2025-07-30 14:17:55,312 WARNING Impossible de créer le fichier DBF: [WinError 32] The process cannot access the file because it is being used by another process: 'factures.dbf'
2025-07-30 14:18:08,958 ERROR Erreur lors de l'extraction OCR: not enough values to unpack (expected 3, got 2)
2025-07-30 14:18:09,157 ERROR Erreur lors de l'extraction OCR: not enough values to unpack (expected 3, got 2)
2025-07-30 14:18:09,343 ERROR Erreur lors de l'écriture dans le fichier DBF: could not convert string to float: '10,0'
2025-07-30 14:18:09,343 ERROR Erreur fatale lors de la création du fichier DBF: [WinError 32] The process cannot access the file because it is being used by another process: 'factures.dbf'
2025-07-30 14:18:09,343 WARNING Impossible de créer le fichier DBF: [WinError 32] The process cannot access the file because it is being used by another process: 'factures.dbf'
2025-07-30 14:18:24,506 ERROR Erreur lors de l'extraction OCR: not enough values to unpack (expected 3, got 2)
2025-07-30 14:18:24,764 ERROR Erreur lors de l'extraction OCR: not enough values to unpack (expected 3, got 2)
2025-07-30 14:18:25,010 ERROR Erreur lors de l'écriture dans le fichier DBF: could not convert string to float: '10,0'
2025-07-30 14:18:25,010 ERROR Erreur fatale lors de la création du fichier DBF: [WinError 32] The process cannot access the file because it is being used by another process: 'factures.dbf'
2025-07-30 14:18:25,010 WARNING Impossible de créer le fichier DBF: [WinError 32] The process cannot access the file because it is being used by another process: 'factures.dbf'
2025-07-30 14:18:34,003 ERROR Erreur lors de l'extraction OCR: not enough values to unpack (expected 3, got 2)
2025-07-30 14:18:34,513 ERROR Erreur lors de l'extraction OCR: not enough values to unpack (expected 3, got 2)
2025-07-30 14:18:34,922 ERROR Erreur lors de l'écriture dans le fichier DBF: could not convert string to float: 'Qté'
2025-07-30 14:18:34,925 ERROR Erreur fatale lors de la création du fichier DBF: [WinError 32] The process cannot access the file because it is being used by another process: 'factures.dbf'
2025-07-30 14:18:34,925 WARNING Impossible de créer le fichier DBF: [WinError 32] The process cannot access the file because it is being used by another process: 'factures.dbf'
2025-07-30 14:18:43,001 ERROR Erreur lors de l'extraction OCR: not enough values to unpack (expected 3, got 2)
2025-07-30 14:18:43,577 ERROR Erreur lors de l'extraction OCR: not enough values to unpack (expected 3, got 2)
2025-07-30 14:18:44,053 ERROR Erreur lors de l'écriture dans le fichier DBF: could not convert string to float: 'Qté'
2025-07-30 14:18:44,055 ERROR Erreur fatale lors de la création du fichier DBF: [WinError 32] The process cannot access the file because it is being used by another process: 'factures.dbf'
2025-07-30 14:18:44,055 WARNING Impossible de créer le fichier DBF: [WinError 32] The process cannot access the file because it is being used by another process: 'factures.dbf'
2025-07-30 14:19:05,342 ERROR Erreur lors de l'extraction OCR: not enough values to unpack (expected 3, got 2)
2025-07-30 14:19:05,848 ERROR Erreur lors de l'extraction OCR: not enough values to unpack (expected 3, got 2)
2025-07-30 14:19:06,279 ERROR Erreur lors de l'écriture dans le fichier DBF: could not convert string to float: '10,0'
2025-07-30 14:19:06,280 ERROR Erreur fatale lors de la création du fichier DBF: [WinError 32] The process cannot access the file because it is being used by another process: 'factures.dbf'
2025-07-30 14:19:06,280 WARNING Impossible de créer le fichier DBF: [WinError 32] The process cannot access the file because it is being used by another process: 'factures.dbf'
2025-07-30 14:19:15,995 ERROR Erreur lors de l'extraction OCR: not enough values to unpack (expected 3, got 2)
2025-07-30 14:19:16,255 ERROR Erreur lors de l'extraction OCR: not enough values to unpack (expected 3, got 2)
2025-07-30 14:19:16,540 ERROR Erreur lors de l'écriture dans le fichier DBF: could not convert string to float: 'Qté'
2025-07-30 14:19:16,542 ERROR Erreur fatale lors de la création du fichier DBF: [WinError 32] The process cannot access the file because it is being used by another process: 'factures.dbf'
2025-07-30 14:19:16,542 WARNING Impossible de créer le fichier DBF: [WinError 32] The process cannot access the file because it is being used by another process: 'factures.dbf'
2025-07-30 14:19:32,557 ERROR Erreur lors de l'extraction OCR: not enough values to unpack (expected 3, got 2)
2025-07-30 14:19:32,750 ERROR Erreur lors de l'extraction OCR: not enough values to unpack (expected 3, got 2)
2025-07-30 14:19:32,959 ERROR Erreur lors de l'écriture dans le fichier DBF: could not convert string to float: '10,0'
2025-07-30 14:19:32,959 ERROR Erreur fatale lors de la création du fichier DBF: [WinError 32] The process cannot access the file because it is being used by another process: 'factures.dbf'
2025-07-30 14:19:32,959 WARNING Impossible de créer le fichier DBF: [WinError 32] The process cannot access the file because it is being used by another process: 'factures.dbf'
2025-07-30 14:19:49,348 ERROR Erreur lors de l'extraction OCR: not enough values to unpack (expected 3, got 2)
2025-07-30 14:19:49,534 ERROR Erreur lors de l'extraction OCR: not enough values to unpack (expected 3, got 2)
2025-07-30 14:19:49,734 ERROR Erreur lors de l'écriture dans le fichier DBF: could not convert string to float: '10,0'
2025-07-30 14:19:49,734 ERROR Erreur fatale lors de la création du fichier DBF: [WinError 32] The process cannot access the file because it is being used by another process: 'factures.dbf'
2025-07-30 14:19:49,734 WARNING Impossible de créer le fichier DBF: [WinError 32] The process cannot access the file because it is being used by another process: 'factures.dbf'
2025-07-30 14:19:49,759 ERROR Erreur lors de l'écriture dans le fichier DBF: could not convert string to float: '10,0'
2025-07-30 14:19:49,759 ERROR Erreur fatale lors de la création du fichier DBF: [WinError 32] The process cannot access the file because it is being used by another process: 'factures.dbf'
2025-07-30 14:19:49,760 WARNING Impossible de créer le fichier DBF: [WinError 32] The process cannot access the file because it is being used by another process: 'factures.dbf'
2025-07-30 14:19:58,144 ERROR Erreur lors de l'extraction OCR: not enough values to unpack (expected 3, got 2)
2025-07-30 14:19:58,355 ERROR Erreur lors de l'extraction OCR: not enough values to unpack (expected 3, got 2)
2025-07-30 14:19:58,543 ERROR Erreur lors de l'écriture dans le fichier DBF: could not convert string to float: 'Qté'
2025-07-30 14:19:58,543 ERROR Erreur fatale lors de la création du fichier DBF: [WinError 32] The process cannot access the file because it is being used by another process: 'factures.dbf'
2025-07-30 14:19:58,543 WARNING Impossible de créer le fichier DBF: [WinError 32] The process cannot access the file because it is being used by another process: 'factures.dbf'
2025-07-30 14:19:58,564 ERROR Erreur lors de l'écriture dans le fichier DBF: could not convert string to float: 'Qté'
2025-07-30 14:19:58,564 ERROR Erreur fatale lors de la création du fichier DBF: [WinError 32] The process cannot access the file because it is being used by another process: 'factures.dbf'
2025-07-30 14:19:58,564 WARNING Impossible de créer le fichier DBF: [WinError 32] The process cannot access the file because it is being used by another process: 'factures.dbf'
2025-07-30 14:19:58,586 ERROR Erreur lors de l'écriture dans le fichier DBF: could not convert string to float: 'Qté'
2025-07-30 14:19:58,586 ERROR Erreur fatale lors de la création du fichier DBF: [WinError 32] The process cannot access the file because it is being used by another process: 'factures.dbf'
2025-07-30 14:19:58,587 WARNING Impossible de créer le fichier DBF: [WinError 32] The process cannot access the file because it is being used by another process: 'factures.dbf'
2025-07-30 14:19:58,611 ERROR Erreur lors de l'écriture dans le fichier DBF: could not convert string to float: 'Qté'
2025-07-30 14:19:58,611 ERROR Erreur fatale lors de la création du fichier DBF: [WinError 32] The process cannot access the file because it is being used by another process: 'factures.dbf'
2025-07-30 14:19:58,612 WARNING Impossible de créer le fichier DBF: [WinError 32] The process cannot access the file because it is being used by another process: 'factures.dbf'
2025-07-30 14:20:19,419 ERROR Erreur lors de l'extraction OCR: not enough values to unpack (expected 3, got 2)
2025-07-30 14:20:19,635 ERROR Erreur lors de l'extraction OCR: not enough values to unpack (expected 3, got 2)
2025-07-30 14:20:19,842 ERROR Erreur lors de l'écriture dans le fichier DBF: could not convert string to float: '10,0'
2025-07-30 14:20:19,842 ERROR Erreur fatale lors de la création du fichier DBF: [WinError 32] The process cannot access the file because it is being used by another process: 'factures.dbf'
2025-07-30 14:20:19,842 WARNING Impossible de créer le fichier DBF: [WinError 32] The process cannot access the file because it is being used by another process: 'factures.dbf'
2025-07-30 14:21:10,419 ERROR Erreur lors de l'écriture dans le fichier DBF: could not convert string to float: '10,0'
2025-07-30 14:21:10,424 ERROR Erreur fatale lors de la création du fichier DBF: [WinError 32] The process cannot access the file because it is being used by another process: 'factures.dbf'
2025-07-30 14:21:10,424 WARNING Impossible de créer le fichier DBF: [WinError 32] The process cannot access the file because it is being used by another process: 'factures.dbf'
2025-07-30 14:21:56,649 ERROR Erreur lors de l'écriture dans le fichier DBF: could not convert string to float: '10,0'
2025-07-30 14:21:56,649 ERROR Erreur fatale lors de la création du fichier DBF: [WinError 32] The process cannot access the file because it is being used by another process: 'factures.dbf'
2025-07-30 14:21:56,650 WARNING Impossible de créer le fichier DBF: [WinError 32] The process cannot access the file because it is being used by another process: 'factures.dbf'
2025-07-30 14:24:53,261 ERROR Erreur lors de l'écriture dans le fichier DBF: could not convert string to float: '10,0'
2025-07-30 14:24:53,261 ERROR Erreur fatale lors de la création du fichier DBF: [WinError 32] The process cannot access the file because it is being used by another process: 'factures.dbf'
2025-07-30 14:24:53,261 WARNING Impossible de créer le fichier DBF: [WinError 32] The process cannot access the file because it is being used by another process: 'factures.dbf'
2025-07-30 14:29:09,015 ERROR Erreur lors de l'extraction OCR: not enough values to unpack (expected 3, got 2)
2025-07-30 14:29:09,221 ERROR Erreur lors de l'extraction OCR: not enough values to unpack (expected 3, got 2)
2025-07-30 14:29:09,433 ERROR Erreur lors de l'écriture dans le fichier DBF: could not convert string to float: '18,0'
2025-07-30 14:29:09,433 ERROR Erreur fatale lors de la création du fichier DBF: [WinError 32] The process cannot access the file because it is being used by another process: 'factures.dbf'
2025-07-30 14:29:09,433 WARNING Impossible de créer le fichier DBF: [WinError 32] The process cannot access the file because it is being used by another process: 'factures.dbf'
2025-07-30 14:29:49,855 ERROR Erreur lors de l'extraction OCR: not enough values to unpack (expected 3, got 2)
2025-07-30 14:29:50,414 ERROR Erreur lors de l'extraction OCR: not enough values to unpack (expected 3, got 2)
2025-07-30 14:29:50,860 ERROR Erreur lors de l'écriture dans le fichier DBF: could not convert string to float: '18,0'
2025-07-30 14:29:50,860 ERROR Erreur fatale lors de la création du fichier DBF: [WinError 32] The process cannot access the file because it is being used by another process: 'factures.dbf'
2025-07-30 14:29:50,860 WARNING Impossible de créer le fichier DBF: [WinError 32] The process cannot access the file because it is being used by another process: 'factures.dbf'
2025-07-30 14:30:50,033 ERROR Erreur lors de l'extraction OCR: not enough values to unpack (expected 3, got 2)
2025-07-30 14:30:50,728 ERROR Erreur lors de l'extraction OCR: not enough values to unpack (expected 3, got 2)
2025-07-30 14:30:51,376 ERROR Erreur lors de l'écriture dans le fichier DBF: could not convert string to float: '18,0'
2025-07-30 14:30:51,378 ERROR Erreur fatale lors de la création du fichier DBF: [WinError 32] The process cannot access the file because it is being used by another process: 'factures.dbf'
2025-07-30 14:30:51,378 WARNING Impossible de créer le fichier DBF: [WinError 32] The process cannot access the file because it is being used by another process: 'factures.dbf'
2025-07-30 14:31:06,017 ERROR Erreur lors de l'extraction OCR: not enough values to unpack (expected 3, got 2)
2025-07-30 14:31:06,217 ERROR Erreur lors de l'extraction OCR: not enough values to unpack (expected 3, got 2)
2025-07-30 14:31:06,440 ERROR Erreur lors de l'écriture dans le fichier DBF: could not convert string to float: '18,0'
2025-07-30 14:31:06,440 ERROR Erreur fatale lors de la création du fichier DBF: [WinError 32] The process cannot access the file because it is being used by another process: 'factures.dbf'
2025-07-30 14:31:06,440 WARNING Impossible de créer le fichier DBF: [WinError 32] The process cannot access the file because it is being used by another process: 'factures.dbf'
2025-07-30 14:31:54,913 ERROR Erreur lors de l'extraction OCR: not enough values to unpack (expected 3, got 2)
2025-07-30 14:31:55,131 ERROR Erreur lors de l'extraction OCR: not enough values to unpack (expected 3, got 2)
2025-07-30 14:31:55,338 ERROR Erreur lors de l'écriture dans le fichier DBF: could not convert string to float: 'Montant'
2025-07-30 14:31:55,340 ERROR Erreur fatale lors de la création du fichier DBF: [WinError 32] The process cannot access the file because it is being used by another process: 'factures.dbf'
2025-07-30 14:31:55,340 WARNING Impossible de créer le fichier DBF: [WinError 32] The process cannot access the file because it is being used by another process: 'factures.dbf'
2025-07-30 14:32:11,486 ERROR Erreur lors de l'extraction OCR: not enough values to unpack (expected 3, got 2)
2025-07-30 14:32:11,688 ERROR Erreur lors de l'extraction OCR: not enough values to unpack (expected 3, got 2)
2025-07-30 14:32:11,877 ERROR Erreur lors de l'écriture dans le fichier DBF: could not convert string to float: 'Montant'
2025-07-30 14:32:11,877 ERROR Erreur fatale lors de la création du fichier DBF: [WinError 32] The process cannot access the file because it is being used by another process: 'factures.dbf'
2025-07-30 14:32:11,877 WARNING Impossible de créer le fichier DBF: [WinError 32] The process cannot access the file because it is being used by another process: 'factures.dbf'
2025-07-30 15:24:07,218 ERROR Erreur lors de l'extraction OCR: not enough values to unpack (expected 3, got 2)
2025-07-30 15:24:07,620 ERROR Erreur lors de l'extraction OCR: not enough values to unpack (expected 3, got 2)
2025-07-30 15:24:07,934 ERROR Erreur lors de l'écriture dans le fichier DBF: could not convert string to float: '18,0'
2025-07-30 15:24:07,934 ERROR Erreur fatale lors de la création du fichier DBF: [WinError 32] The process cannot access the file because it is being used by another process: 'factures.dbf'
2025-07-30 15:24:07,949 WARNING Impossible de créer le fichier DBF: [WinError 32] The process cannot access the file because it is being used by another process: 'factures.dbf'
2025-07-30 15:24:21,928 ERROR Erreur lors de l'extraction OCR: not enough values to unpack (expected 3, got 2)
2025-07-30 15:24:22,128 ERROR Erreur lors de l'extraction OCR: not enough values to unpack (expected 3, got 2)
2025-07-30 15:24:22,321 ERROR Erreur lors de l'écriture dans le fichier DBF: could not convert string to float: '18,0'
2025-07-30 15:24:22,321 ERROR Erreur fatale lors de la création du fichier DBF: [WinError 32] The process cannot access the file because it is being used by another process: 'factures.dbf'
2025-07-30 15:24:22,321 WARNING Impossible de créer le fichier DBF: [WinError 32] The process cannot access the file because it is being used by another process: 'factures.dbf'
2025-07-30 15:25:35,373 ERROR Erreur lors de l'extraction OCR: not enough values to unpack (expected 3, got 2)
2025-07-30 15:25:35,788 ERROR Erreur lors de l'extraction OCR: not enough values to unpack (expected 3, got 2)
2025-07-30 15:25:36,171 ERROR Erreur lors de l'écriture dans le fichier DBF: could not convert string to float: '18,0'
2025-07-30 15:25:36,171 ERROR Erreur fatale lors de la création du fichier DBF: [WinError 32] The process cannot access the file because it is being used by another process: 'factures.dbf'
2025-07-30 15:25:36,171 WARNING Impossible de créer le fichier DBF: [WinError 32] The process cannot access the file because it is being used by another process: 'factures.dbf'
2025-07-30 15:26:28,598 ERROR Erreur lors de l'extraction OCR: not enough values to unpack (expected 3, got 2)
2025-07-30 15:26:28,891 ERROR Erreur lors de l'extraction OCR: not enough values to unpack (expected 3, got 2)
2025-07-30 15:26:29,189 ERROR Erreur lors de l'écriture dans le fichier DBF: could not convert string to float: 'Qté'
2025-07-30 15:26:29,189 ERROR Erreur fatale lors de la création du fichier DBF: [WinError 32] The process cannot access the file because it is being used by another process: 'factures.dbf'
2025-07-30 15:26:29,189 WARNING Impossible de créer le fichier DBF: [WinError 32] The process cannot access the file because it is being used by another process: 'factures.dbf'
2025-07-30 15:26:35,150 ERROR Erreur lors de l'extraction OCR: not enough values to unpack (expected 3, got 2)
2025-07-30 15:26:35,331 ERROR Erreur lors de l'extraction OCR: not enough values to unpack (expected 3, got 2)
2025-07-30 15:26:35,498 ERROR Erreur lors de l'écriture dans le fichier DBF: could not convert string to float: 'Qté'
2025-07-30 15:26:35,498 ERROR Erreur fatale lors de la création du fichier DBF: [WinError 32] The process cannot access the file because it is being used by another process: 'factures.dbf'
2025-07-30 15:26:35,498 WARNING Impossible de créer le fichier DBF: [WinError 32] The process cannot access the file because it is being used by another process: 'factures.dbf'
2025-07-30 20:35:12,694 ERROR Erreur lors de l'extraction OCR: not enough values to unpack (expected 3, got 2)
2025-07-30 20:35:13,250 ERROR Erreur lors de l'extraction OCR: not enough values to unpack (expected 3, got 2)
2025-07-30 20:35:13,669 ERROR Erreur lors de l'écriture dans le fichier DBF: could not convert string to float: '18,0'
2025-07-30 20:35:13,671 ERROR Erreur fatale lors de la création du fichier DBF: [WinError 32] The process cannot access the file because it is being used by another process: 'factures.dbf'
2025-07-30 20:35:13,671 WARNING Impossible de créer le fichier DBF: [WinError 32] The process cannot access the file because it is being used by another process: 'factures.dbf'
2025-07-30 20:35:29,429 ERROR Erreur lors de l'extraction OCR: not enough values to unpack (expected 3, got 2)
2025-07-30 20:35:29,657 ERROR Erreur lors de l'extraction OCR: not enough values to unpack (expected 3, got 2)
2025-07-30 20:35:29,880 ERROR Erreur lors de l'écriture dans le fichier DBF: could not convert string to float: '18,0'
2025-07-30 20:35:29,880 ERROR Erreur fatale lors de la création du fichier DBF: [WinError 32] The process cannot access the file because it is being used by another process: 'factures.dbf'
2025-07-30 20:35:29,880 WARNING Impossible de créer le fichier DBF: [WinError 32] The process cannot access the file because it is being used by another process: 'factures.dbf'
2025-07-30 20:35:45,472 ERROR Erreur lors de l'extraction OCR: not enough values to unpack (expected 3, got 2)
2025-07-30 20:35:45,897 ERROR Erreur lors de l'extraction OCR: not enough values to unpack (expected 3, got 2)
2025-07-30 20:35:46,223 ERROR Erreur lors de l'écriture dans le fichier DBF: could not convert string to float: '18,0'
2025-07-30 20:35:46,223 ERROR Erreur fatale lors de la création du fichier DBF: [WinError 32] The process cannot access the file because it is being used by another process: 'factures.dbf'
2025-07-30 20:35:46,223 WARNING Impossible de créer le fichier DBF: [WinError 32] The process cannot access the file because it is being used by another process: 'factures.dbf'
2025-07-30 20:36:06,733 ERROR Erreur lors de l'extraction OCR: not enough values to unpack (expected 3, got 2)
2025-07-30 20:36:07,138 ERROR Erreur lors de l'extraction OCR: not enough values to unpack (expected 3, got 2)
2025-07-30 20:36:07,437 ERROR Erreur lors de l'écriture dans le fichier DBF: could not convert string to float: '10,0'
2025-07-30 20:36:07,437 ERROR Erreur fatale lors de la création du fichier DBF: [WinError 32] The process cannot access the file because it is being used by another process: 'factures.dbf'
2025-07-30 20:36:07,437 WARNING Impossible de créer le fichier DBF: [WinError 32] The process cannot access the file because it is being used by another process: 'factures.dbf'
2025-07-30 20:36:31,107 ERROR Erreur lors de l'extraction OCR: not enough values to unpack (expected 3, got 2)
2025-07-30 20:36:31,508 ERROR Erreur lors de l'extraction OCR: not enough values to unpack (expected 3, got 2)
2025-07-30 20:36:31,933 ERROR Erreur lors de l'écriture dans le fichier DBF: could not convert string to float: '10,0'
2025-07-30 20:36:31,935 ERROR Erreur fatale lors de la création du fichier DBF: [WinError 32] The process cannot access the file because it is being used by another process: 'factures.dbf'
2025-07-30 20:36:31,935 WARNING Impossible de créer le fichier DBF: [WinError 32] The process cannot access the file because it is being used by another process: 'factures.dbf'
2025-07-30 20:37:02,456 ERROR Erreur lors de l'extraction OCR: not enough values to unpack (expected 3, got 2)
2025-07-30 20:37:02,999 ERROR Erreur lors de l'extraction OCR: not enough values to unpack (expected 3, got 2)
2025-07-30 20:37:03,678 ERROR Erreur lors de l'écriture dans le fichier DBF: could not convert string to float: '18,0'
2025-07-30 20:37:03,679 ERROR Erreur fatale lors de la création du fichier DBF: [WinError 32] The process cannot access the file because it is being used by another process: 'factures.dbf'
2025-07-30 20:37:03,679 WARNING Impossible de créer le fichier DBF: [WinError 32] The process cannot access the file because it is being used by another process: 'factures.dbf'
2025-07-30 20:37:20,337 ERROR Erreur lors de l'extraction OCR: not enough values to unpack (expected 3, got 2)
2025-07-30 20:37:20,776 ERROR Erreur lors de l'extraction OCR: not enough values to unpack (expected 3, got 2)
2025-07-30 20:37:21,087 ERROR Erreur lors de l'écriture dans le fichier DBF: could not convert string to float: '18,0'
2025-07-30 20:37:21,087 ERROR Erreur fatale lors de la création du fichier DBF: [WinError 32] The process cannot access the file because it is being used by another process: 'factures.dbf'
2025-07-30 20:37:21,087 WARNING Impossible de créer le fichier DBF: [WinError 32] The process cannot access the file because it is being used by another process: 'factures.dbf'
2025-07-30 20:37:57,711 ERROR Erreur lors de l'écriture dans le fichier DBF: 'fournisseur'
2025-07-30 20:37:57,712 ERROR Erreur fatale lors de la création du fichier DBF: [WinError 32] The process cannot access the file because it is being used by another process: 'factures.dbf'
2025-07-30 20:37:57,712 WARNING Impossible de créer le fichier DBF: [WinError 32] The process cannot access the file because it is being used by another process: 'factures.dbf'
