2025-09-04 02:20:15,246 INFO Initializing database...
2025-09-04 02:20:21,702 INFO Database tables created successfully
2025-09-04 02:20:22,735 INFO Admin user created
2025-09-04 02:20:23,150 INFO Default field names inserted
2025-09-04 02:20:24,754 INFO Default data inserted successfully
2025-09-04 02:20:24,754 INFO Database initialization complete
2025-09-04 02:21:36,061 INFO Initializing database...
2025-09-04 02:21:39,973 INFO Database tables created successfully
2025-09-04 02:21:41,632 INFO Default data inserted successfully
2025-09-04 02:21:41,632 INFO Database initialization complete
2025-09-04 02:22:02,746 INFO Initializing database...
2025-09-04 02:22:06,710 INFO Database tables created successfully
2025-09-04 02:22:08,453 INFO Default data inserted successfully
2025-09-04 02:22:08,453 INFO Database initialization complete
2025-09-04 02:22:26,742 INFO Initializing database...
2025-09-04 02:22:30,787 INFO Database tables created successfully
2025-09-04 02:22:32,386 INFO Default data inserted successfully
2025-09-04 02:22:32,386 INFO Database initialization complete
2025-09-04 02:23:15,722 INFO Initializing database...
2025-09-04 02:23:19,631 INFO Database tables created successfully
2025-09-04 02:23:21,471 INFO Default data inserted successfully
2025-09-04 02:23:21,471 INFO Database initialization complete
2025-09-04 02:23:40,723 INFO Initializing database...
2025-09-04 02:23:44,577 INFO Database tables created successfully
2025-09-04 02:23:46,410 INFO Default data inserted successfully
2025-09-04 02:23:46,410 INFO Database initialization complete
2025-09-04 02:24:08,547 INFO Initializing database...
2025-09-04 02:24:12,613 INFO Database tables created successfully
2025-09-04 02:24:14,452 INFO Default data inserted successfully
2025-09-04 02:24:14,453 INFO Database initialization complete
2025-09-04 02:24:35,321 INFO Initializing database...
2025-09-04 02:24:39,349 INFO Database tables created successfully
2025-09-04 02:24:41,015 INFO Default data inserted successfully
2025-09-04 02:24:41,015 INFO Database initialization complete
